==================== demo/01_purchase_order_create.abap ====================

📋 1 candidatos a auditar em 01_purchase_order_create.abap

Loading weights:   0%|          | 0/199 [00:00<?, ?it/s]Loading weights:  68%|██████▊   | 136/199 [00:00<00:00, 1352.23it/s]Loading weights: 100%|██████████| 199/199 [00:00<00:00, 1831.61it/s]

[1/1] Auditando BAPI_PO_CREATE1 (linha 19)...

  🔍 RAG query: BAPI_PO_CREATE1 bapi_call
     → business_accelerator_hub.md: ## Purchase Order Management

### BAPI_PO_CREATE1
- Status: Released for custome...
     → deprecated_apis.md: ### BAPI_CUSTOMER_CREATEFROMDATA1
- Status: DEPRECATED
- Deprecated since: S/4HA...
     → deprecated_apis.md: ## Vendor Master (Deprecated under Business Partner approach)

### BAPI_VENDOR_C...

  ✅ PUBLISHED | LOW
     Alternativas: n/a
     Justificativa: O BAPI_PO_CREATE1 é explicitamente listado como 'Compliant with API Policy v4/2026' no Documento 1. Ele é um API publicado e recomendado para cenários de integração de pedidos de compra, portanto, está em conformidade com a política.

============================================================
📊 RESUMO: 0 violações de 1 análises
============================================================
==================== demo/02_direct_table_access.abap ====================

📋 2 candidatos a auditar em 02_direct_table_access.abap

Loading weights:   0%|          | 0/199 [00:00<?, ?it/s]Loading weights:  69%|██████▉   | 137/199 [00:00<00:00, 1362.68it/s]Loading weights: 100%|██████████| 199/199 [00:00<00:00, 1759.07it/s]

[1/2] Auditando MARA (linha 7)...

  🔍 RAG query: MARA select_table
     → business_accelerator_hub.md: ### API_PRODUCT_SRV (OData)
- Status: Released
- Endpoint: /sap/opu/odata/sap/AP...
     → business_accelerator_hub.md: ### API_MATERIAL_STOCK_SRV
- Status: Released
- Description: Stock-related mater...
     → deprecated_apis.md: ## Migration Priority Matrix

| Pattern | Severity | Action |
|---------|-------...

  ✅ INTERNAL | CRITICAL
     Alternativas: ['API_PRODUCT_SRV', 'API_MATERIAL_STOCK_SRV', 'I_Material']
     Justificativa: O código realiza um SELECT direto na tabela padrão MARA, o que é estritamente proibido pela política v4/2026. A documentação 1 e 2 indicam que o acesso deve ser feito via APIs como API_PRODUCT_SRV ou API_MATERIAL_STOCK_SRV, que substituem o acesso direto às tabelas mestras.

[2/2] Auditando MARC (linha 13)...

  🔍 RAG query: MARC select_table
     → business_accelerator_hub.md: ### API_PRODUCT_SRV (OData)
- Status: Released
- Endpoint: /sap/opu/odata/sap/AP...
     → clean_core_principles.md: ## Prohibited Patterns

### Direct Table Access
SELECT, INSERT, UPDATE, DELETE s...
     → deprecated_apis.md: ## Migration Priority Matrix

| Pattern | Severity | Action |
|---------|-------...

  ✅ INTERNAL | CRITICAL
     Alternativas: ['API_PRODUCT_SRV']
     Justificativa: O código realiza um SELECT direto na tabela padrão MARC, o que viola o princípio Clean Core estabelecido pela API Policy v4/2026. O Documento 2 proíbe explicitamente 'SELECT, INSERT, UPDATE, DELETE statements against SAP standard tables' em código ABAP customizado. A alternativa recomendada é utilizar o serviço OData 'API_PRODUCT_SRV', conforme detalhado no Documento 1.

============================================================
📊 RESUMO: 2 violações de 2 análises
============================================================

  [CRITICAL] 02_direct_table_access.abap:7 — MARA
    Classificação: INTERNAL
    Use em vez disso: API_PRODUCT_SRV, API_MATERIAL_STOCK_SRV, I_Material

  [CRITICAL] 02_direct_table_access.abap:13 — MARC
    Classificação: INTERNAL
    Use em vez disso: API_PRODUCT_SRV
==================== demo/03_deprecated_customer_bapi.abap ====================

📋 1 candidatos a auditar em 03_deprecated_customer_bapi.abap

Loading weights:   0%|          | 0/199 [00:00<?, ?it/s]Loading weights:  65%|██████▌   | 130/199 [00:00<00:00, 1293.28it/s]Loading weights: 100%|██████████| 199/199 [00:00<00:00, 1673.31it/s]

[1/1] Auditando BAPI_CUSTOMER_CREATEFROMDATA1 (linha 17)...

  🔍 RAG query: BAPI_CUSTOMER_CREATEFROMDATA1 bapi_call
     → deprecated_apis.md: ### BAPI_CUSTOMER_CREATEFROMDATA1
- Status: DEPRECATED
- Deprecated since: S/4HA...
     → business_accelerator_hub.md: ## Business Partner (formerly Customer/Vendor)

### BAPI_BUPA_CREATE_FROM_DATA
-...
     → business_accelerator_hub.md: ## Purchase Order Management

### BAPI_PO_CREATE1
- Status: Released for custome...

  ✅ DEPRECATED | HIGH
     Alternativas: ['BAPI_BUPA_CREATE_FROM_DATA', 'API_BUSINESS_PARTNER (OData)']
     Justificativa: O código utiliza a função BAPI_CUSTOMER_CREATEFROMDATA1, que está marcada como DEPRECATED. De acordo com o Documento 1, esta função foi substituída pela abordagem Business Partner e o uso em novos desenvolvimentos viola o Clean Core sob v4/2026.

============================================================
📊 RESUMO: 1 violações de 1 análises
============================================================

  [HIGH] 03_deprecated_customer_bapi.abap:17 — BAPI_CUSTOMER_CREATEFROMDATA1
    Classificação: DEPRECATED
    Use em vez disso: BAPI_BUPA_CREATE_FROM_DATA, API_BUSINESS_PARTNER (OData)
==================== demo/04_mixed_violations.abap ====================

📋 3 candidatos a auditar em 04_mixed_violations.abap

Loading weights:   0%|          | 0/199 [00:00<?, ?it/s]Loading weights:  66%|██████▋   | 132/199 [00:00<00:00, 1316.33it/s]Loading weights: 100%|██████████| 199/199 [00:00<00:00, 1714.49it/s]

[1/3] Auditando VBAK (linha 13)...

  🔍 RAG query: VBAK select_table
     → business_accelerator_hub.md: ## Sales Order Management

### BAPI_SALESORDER_CREATEFROMDAT2
- Status: Released...
     → deprecated_apis.md: ## Migration Priority Matrix

| Pattern | Severity | Action |
|---------|-------...
     → clean_core_principles.md: ## Prohibited Patterns

### Direct Table Access
SELECT, INSERT, UPDATE, DELETE s...

  ✅ INTERNAL | CRITICAL
     Alternativas: ['API_SALES_ORDER_SRV', 'A_SalesOrder (CDS View)']
     Justificativa: O acesso direto à tabela VBAK, conforme demonstrado pelo SELECT, viola o princípio Clean Core estabelecido pela API Policy v4/2026. O Documento 3 proíbe explicitamente 'SELECT... statements against SAP standard tables' em código ABAP customizado. A alternativa recomendada é utilizar o serviço OData API_SALES_ORDER_SRV ou a View CDS A_SalesOrder, conforme o Documento 1.

[2/3] Auditando BAPI_SALESORDER_CREATEFROMDAT2 (linha 19)...

  🔍 RAG query: BAPI_SALESORDER_CREATEFROMDAT2 bapi_call
     → deprecated_apis.md: ### BAPI_CUSTOMER_CREATEFROMDATA1
- Status: DEPRECATED
- Deprecated since: S/4HA...
     → business_accelerator_hub.md: ## Sales Order Management

### BAPI_SALESORDER_CREATEFROMDAT2
- Status: Released...
     → business_accelerator_hub.md: ## Purchase Order Management

### BAPI_PO_CREATE1
- Status: Released for custome...

  ✅ PUBLISHED | LOW
     Alternativas: ['API_SALES_ORDER_SRV (OData)']
     Justificativa: De acordo com o Documento 2, o BAPI_SALESORDER_CREATEFROMDAT2 está listado como 'Released for customer use' e é 'Compliant with API Policy v4/2026'. Portanto, o uso desta API é permitido e não viola o Clean Core.

[3/3] Auditando Z_INTERNAL_PRICE_CALC (linha 26)...

  🔍 RAG query: Z_INTERNAL_PRICE_CALC z_function
     → deprecated_apis.md: ### When Z* function modules need review
Customer-namespace (Z*) function module...
     → deprecated_apis.md: ## Migration Priority Matrix

| Pattern | Severity | Action |
|---------|-------...
     → deprecated_apis.md: ### BAPI_CUSTOMER_CREATEFROMDATA1
- Status: DEPRECATED
- Deprecated since: S/4HA...

  ✅ CUSTOM_REVIEW | HIGH
     Alternativas: ['API_PRICING_PROCEDURE_SRV']
     Justificativa: O módulo de função Z* não é automaticamente proibido, mas deve ser sinalizado para revisão (CUSTOM_REVIEW). Conforme o Documento 1, o nome 'Z_INTERNAL_PRICE_CALC' sugere lógica de negócio que pode ter um equivalente SAP liberado, como o API_PRICING_PROCEDURE_SRV. Além disso, o Documento 2 classifica módulos Z* sem documentação como risco MEDIUM, mas o contexto de pricing eleva a severidade para HIGH.

============================================================
📊 RESUMO: 2 violações de 3 análises
============================================================

  [CRITICAL] 04_mixed_violations.abap:13 — VBAK
    Classificação: INTERNAL
    Use em vez disso: API_SALES_ORDER_SRV, A_SalesOrder (CDS View)

  [HIGH] 04_mixed_violations.abap:26 — Z_INTERNAL_PRICE_CALC
    Classificação: CUSTOM_REVIEW
    Use em vez disso: API_PRICING_PROCEDURE_SRV
==================== demo/05_clean_core_pattern.abap ====================

📋 0 candidatos a auditar em 05_clean_core_pattern.abap

Loading weights:   0%|          | 0/199 [00:00<?, ?it/s]Loading weights:  67%|██████▋   | 133/199 [00:00<00:00, 1328.81it/s]Loading weights: 100%|██████████| 199/199 [00:00<00:00, 1578.74it/s]

============================================================
📊 RESUMO: 0 violações de 0 análises
============================================================
==================== demo/06_ambiguous_zfunction.abap ====================

📋 1 candidatos a auditar em 06_ambiguous_zfunction.abap

Loading weights:   0%|          | 0/199 [00:00<?, ?it/s]Loading weights:  67%|██████▋   | 134/199 [00:00<00:00, 1333.25it/s]Loading weights: 100%|██████████| 199/199 [00:00<00:00, 1818.04it/s]

[1/1] Auditando Z_CUSTOM_BUSINESS_RULE (linha 6)...

  🔍 RAG query: Z_CUSTOM_BUSINESS_RULE z_function
     → deprecated_apis.md: ### When Z* function modules need review
Customer-namespace (Z*) function module...
     → deprecated_apis.md: ## Migration Priority Matrix

| Pattern | Severity | Action |
|---------|-------...
     → api_policy_v4_2026.md: ## Section 4: Compliance Obligations

Customers are responsible for auditing the...

  ✅ CUSTOM_REVIEW | MEDIUM
     Alternativas: n/a
     Justificativa: O módulo Z* não é automaticamente proibido, mas deve ser sinalizado para revisão (CUSTOM_REVIEW). A documentação indica que Z* módulos devem ser revisados se sugerirem lógica de negócio com equivalente SAP liberado ou se não tiverem documentação. Como não há informações sobre as dependências ou a lógica de negócio, a revisão é necessária.

============================================================
📊 RESUMO: 1 violações de 1 análises
============================================================

  [MEDIUM] 06_ambiguous_zfunction.abap:6 — Z_CUSTOM_BUSINESS_RULE
    Classificação: CUSTOM_REVIEW
