==================== demo/01_purchase_order_create.abap ====================

📋 1 candidatos a auditar em 01_purchase_order_create.abap

Loading weights:   0%|          | 0/199 [00:00<?, ?it/s]Loading weights:  41%|████      | 81/199 [00:00<00:00, 801.00it/s]Loading weights: 100%|██████████| 199/199 [00:00<00:00, 1041.72it/s]

[1/1] Auditando BAPI_PO_CREATE1 (linha 19)...

  🔍 RAG query: BAPI_PO_CREATE1 bapi_call
     → business_accelerator_hub.md: ## Purchase Order Management

### BAPI_PO_CREATE1
- Status: Released for custome...
     → deprecated_apis.md: ### BAPI_CUSTOMER_CREATEFROMDATA1
- Status: DEPRECATED
- Deprecated since: S/4HA...
     → deprecated_apis.md: ## Vendor Master (Deprecated under Business Partner approach)

### BAPI_VENDOR_C...

  ✅ PUBLISHED | LOW
     Alternativas: n/a
     Justificativa: A função BAPI_PO_CREATE1 está explicitamente listada no SAP Business Accelerator Hub como 'Released for customer use' e em conformidade com a Política de API v4/2026, conforme Documento 1.

============================================================
📊 RESUMO: 0 violações de 1 análises
============================================================
==================== demo/02_direct_table_access.abap ====================

📋 2 candidatos a auditar em 02_direct_table_access.abap

Loading weights:   0%|          | 0/199 [00:00<?, ?it/s]Loading weights:  55%|█████▌    | 110/199 [00:00<00:00, 1094.79it/s]Loading weights: 100%|██████████| 199/199 [00:00<00:00, 1638.68it/s]

[1/2] Auditando MARA (linha 7)...

  🔍 RAG query: MARA select_table
     → business_accelerator_hub.md: ### API_PRODUCT_SRV (OData)
- Status: Released
- Endpoint: /sap/opu/odata/sap/AP...
     → business_accelerator_hub.md: ### API_MATERIAL_STOCK_SRV
- Status: Released
- Description: Stock-related mater...
     → deprecated_apis.md: ## Migration Priority Matrix

| Pattern | Severity | Action |
|---------|-------...

  ✅ INTERNAL | CRITICAL
     Alternativas: ['API_PRODUCT_SRV', 'I_Material']
     Justificativa: O acesso direto à tabela MARA é explicitamente proibido pela política v4/2026. De acordo com o Documento 1, a API_PRODUCT_SRV é o substituto obrigatório para operações de mestre de produtos, substituindo o acesso direto às tabelas MARA, MAKT, MARC e MARD.

[2/2] Auditando MARC (linha 13)...

  🔍 RAG query: MARC select_table
     → business_accelerator_hub.md: ### API_PRODUCT_SRV (OData)
- Status: Released
- Endpoint: /sap/opu/odata/sap/AP...
     → clean_core_principles.md: ## Prohibited Patterns

### Direct Table Access
SELECT, INSERT, UPDATE, DELETE s...
     → deprecated_apis.md: ## Migration Priority Matrix

| Pattern | Severity | Action |
|---------|-------...

  ✅ INTERNAL | CRITICAL
     Alternativas: ['API_PRODUCT_SRV']
     Justificativa: O acesso direto à tabela MARC via comando SELECT é explicitamente proibido pela Política de API v4/2026 e pelos princípios de Clean Core, conforme descrito no Documento 2. O Documento 1 recomenda a utilização do serviço OData API_PRODUCT_SRV como substituto obrigatório.

============================================================
📊 RESUMO: 2 violações de 2 análises
============================================================

  [CRITICAL] 02_direct_table_access.abap:7 — MARA
    Classificação: INTERNAL
    Use em vez disso: API_PRODUCT_SRV, I_Material

  [CRITICAL] 02_direct_table_access.abap:13 — MARC
    Classificação: INTERNAL
    Use em vez disso: API_PRODUCT_SRV
==================== demo/03_deprecated_customer_bapi.abap ====================

📋 1 candidatos a auditar em 03_deprecated_customer_bapi.abap

Loading weights:   0%|          | 0/199 [00:00<?, ?it/s]Loading weights:  61%|██████▏   | 122/199 [00:00<00:00, 1216.62it/s]Loading weights: 100%|██████████| 199/199 [00:00<00:00, 1647.23it/s]

[1/1] Auditando BAPI_CUSTOMER_CREATEFROMDATA1 (linha 17)...

  🔍 RAG query: BAPI_CUSTOMER_CREATEFROMDATA1 bapi_call
     → deprecated_apis.md: ### BAPI_CUSTOMER_CREATEFROMDATA1
- Status: DEPRECATED
- Deprecated since: S/4HA...
     → business_accelerator_hub.md: ## Business Partner (formerly Customer/Vendor)

### BAPI_BUPA_CREATE_FROM_DATA
-...
     → business_accelerator_hub.md: ## Purchase Order Management

### BAPI_PO_CREATE1
- Status: Released for custome...

  ✅ DEPRECATED | MEDIUM
     Alternativas: ['BAPI_BUPA_CREATE_FROM_DATA', 'API_BUSINESS_PARTNER']
     Justificativa: A função BAPI_CUSTOMER_CREATEFROMDATA1 está marcada como DEPRECATED desde o S/4HANA 1511, conforme Documento 1. O uso em novos desenvolvimentos viola o princípio de Clean Core sob a política v4/2026, devendo ser substituída pela abordagem de Business Partner.

============================================================
📊 RESUMO: 1 violações de 1 análises
============================================================

  [MEDIUM] 03_deprecated_customer_bapi.abap:17 — BAPI_CUSTOMER_CREATEFROMDATA1
    Classificação: DEPRECATED
    Use em vez disso: BAPI_BUPA_CREATE_FROM_DATA, API_BUSINESS_PARTNER
==================== demo/04_mixed_violations.abap ====================

📋 3 candidatos a auditar em 04_mixed_violations.abap

Loading weights:   0%|          | 0/199 [00:00<?, ?it/s]Loading weights:  60%|█████▉    | 119/199 [00:00<00:00, 1189.08it/s]Loading weights: 100%|██████████| 199/199 [00:00<00:00, 1643.01it/s]

[1/3] Auditando VBAK (linha 13)...

  🔍 RAG query: VBAK select_table
     → business_accelerator_hub.md: ## Sales Order Management

### BAPI_SALESORDER_CREATEFROMDAT2
- Status: Released...
     → deprecated_apis.md: ## Migration Priority Matrix

| Pattern | Severity | Action |
|---------|-------...
     → clean_core_principles.md: ## Prohibited Patterns

### Direct Table Access
SELECT, INSERT, UPDATE, DELETE s...

  ✅ INTERNAL | CRITICAL
     Alternativas: ['A_SalesOrder (CDS View)', 'API_SALES_ORDER_SRV (OData)']
     Justificativa: O acesso direto à tabela VBAK via SELECT é explicitamente proibido pela Política de API v4/2026 e pelos princípios de Clean Core, conforme descrito no Documento 3. O Documento 1 recomenda a utilização da CDS View A_SalesOrder ou do serviço OData API_SALES_ORDER_SRV como substitutos obrigatórios.

[2/3] Auditando BAPI_SALESORDER_CREATEFROMDAT2 (linha 19)...

  🔍 RAG query: BAPI_SALESORDER_CREATEFROMDAT2 bapi_call
     → deprecated_apis.md: ### BAPI_CUSTOMER_CREATEFROMDATA1
- Status: DEPRECATED
- Deprecated since: S/4HA...
     → business_accelerator_hub.md: ## Sales Order Management

### BAPI_SALESORDER_CREATEFROMDAT2
- Status: Released...
     → business_accelerator_hub.md: ## Purchase Order Management

### BAPI_PO_CREATE1
- Status: Released for custome...

  ✅ PUBLISHED | LOW
     Alternativas: n/a
     Justificativa: O objeto BAPI_SALESORDER_CREATEFROMDAT2 está explicitamente listado no Business Accelerator Hub como 'Released for customer use' e em conformidade com a Política de API v4/2026, conforme Documento 2.

[3/3] Auditando Z_INTERNAL_PRICE_CALC (linha 26)...

  🔍 RAG query: Z_INTERNAL_PRICE_CALC z_function
     → deprecated_apis.md: ### When Z* function modules need review
Customer-namespace (Z*) function module...
     → deprecated_apis.md: ## Migration Priority Matrix

| Pattern | Severity | Action |
|---------|-------...
     → deprecated_apis.md: ### BAPI_CUSTOMER_CREATEFROMDATA1
- Status: DEPRECATED
- Deprecated since: S/4HA...

  ✅ CUSTOM_REVIEW | HIGH
     Alternativas: ['API_PRICING_PROCEDURE_SRV']
     Justificativa: O objeto é um módulo de função no namespace customizado (Z*), o qual requer revisão humana conforme Documento 1. A função sugere uma lógica de cálculo de preço que possui um equivalente SAP liberado (API_PRICING_PROCEDURE_SRV), enquadrando-se no critério de revisão para Clean Core.

============================================================
📊 RESUMO: 2 violações de 3 análises
============================================================

  [CRITICAL] 04_mixed_violations.abap:13 — VBAK
    Classificação: INTERNAL
    Use em vez disso: A_SalesOrder (CDS View), API_SALES_ORDER_SRV (OData)

  [HIGH] 04_mixed_violations.abap:26 — Z_INTERNAL_PRICE_CALC
    Classificação: CUSTOM_REVIEW
    Use em vez disso: API_PRICING_PROCEDURE_SRV
==================== demo/05_clean_core_pattern.abap ====================

📋 0 candidatos a auditar em 05_clean_core_pattern.abap

Loading weights:   0%|          | 0/199 [00:00<?, ?it/s]Loading weights:  64%|██████▍   | 127/199 [00:00<00:00, 1262.93it/s]Loading weights: 100%|██████████| 199/199 [00:00<00:00, 1573.69it/s]

============================================================
📊 RESUMO: 0 violações de 0 análises
============================================================
