====================================
  demo/01_purchase_order_create.abap
====================================

📋 1 candidatos a auditar em 01_purchase_order_create.abap

Loading weights:   0%|          | 0/199 [00:00<?, ?it/s]Loading weights:  65%|██████▌   | 130/199 [00:00<00:00, 1291.76it/s]Loading weights: 100%|██████████| 199/199 [00:00<00:00, 1943.40it/s]

[1/1] Auditando BAPI_PO_CREATE1 (linha 19)...

  🔍 RAG query: BAPI_PO_CREATE1 bapi_call
     → business_accelerator_hub.md: ## Purchase Order Management

### BAPI_PO_CREATE1
- Status: Released for custome...
     → deprecated_apis.md: ### BAPI_CUSTOMER_CREATEFROMDATA1
- Status: DEPRECATED
- Deprecated since: S/4HA...
     → deprecated_apis.md: ## Vendor Master (Deprecated under Business Partner approach)

### BAPI_VENDOR_C...

  ✅ PUBLISHED | BAIXA
     Alternativas: n/a
     Justificativa: O objeto BAPI_PO_CREATE1 está explicitamente listado no Business Accelerator Hub como 'Released for customer use' e 'Compliant with API Policy v4/2026'.

============================================================
📊 RESUMO: 0 violações de 1 análises
============================================================
====================================
  demo/03_deprecated_customer_bapi.abap
====================================

📋 1 candidatos a auditar em 03_deprecated_customer_bapi.abap

Loading weights:   0%|          | 0/199 [00:00<?, ?it/s]Loading weights:  71%|███████▏  | 142/199 [00:00<00:00, 1412.29it/s]Loading weights: 100%|██████████| 199/199 [00:00<00:00, 1804.46it/s]

[1/1] Auditando BAPI_CUSTOMER_CREATEFROMDATA1 (linha 12)...

  🔍 RAG query: BAPI_CUSTOMER_CREATEFROMDATA1 bapi_call
     → deprecated_apis.md: ### BAPI_CUSTOMER_CREATEFROMDATA1
- Status: DEPRECATED
- Deprecated since: S/4HA...
     → business_accelerator_hub.md: ## Business Partner (formerly Customer/Vendor)

### BAPI_BUPA_CREATE_FROM_DATA
-...
     → business_accelerator_hub.md: ## Purchase Order Management

### BAPI_PO_CREATE1
- Status: Released for custome...

  ✅ DEPRECATED | MEDIA
     Alternativas: ['BAPI_BUPA_CREATE_FROM_DATA', 'API_BUSINESS_PARTNER']
     Justificativa: A BAPI identificada está marcada como DEPRECATED desde o S/4HANA 1511, conforme Documento 1. A documentação explicitamente afirma que seu uso em novos códigos viola o Clean Core sob a política v4/2026, recomendando a migração para a abordagem de Business Partner.

============================================================
📊 RESUMO: 1 violações de 1 análises
============================================================

  [MEDIA] 03_deprecated_customer_bapi.abap:12 — BAPI_CUSTOMER_CREATEFROMDATA1
    Classificação: DEPRECATED
    Use em vez disso: BAPI_BUPA_CREATE_FROM_DATA, API_BUSINESS_PARTNER
====================================
  demo/04_mixed_violations.abap
====================================

📋 3 candidatos a auditar em 04_mixed_violations.abap

Loading weights:   0%|          | 0/199 [00:00<?, ?it/s]Loading weights:  71%|███████   | 141/199 [00:00<00:00, 1403.47it/s]Loading weights: 100%|██████████| 199/199 [00:00<00:00, 1859.33it/s]

[1/3] Auditando VBAK (linha 8)...

  🔍 RAG query: VBAK select_table
     → business_accelerator_hub.md: ## Sales Order Management

### BAPI_SALESORDER_CREATEFROMDAT2
- Status: Released...
     → deprecated_apis.md: ## Migration Priority Matrix

| Pattern | Severity | Action |
|---------|-------...
     → clean_core_principles.md: ## Prohibited Patterns

### Direct Table Access
SELECT, INSERT, UPDATE, DELETE s...

  ✅ INTERNAL | CRITICA
     Alternativas: ['A_SalesOrder (CDS View)', 'API_SALES_ORDER_SRV (OData)']
     Justificativa: O acesso direto via SELECT à tabela VBAK é explicitamente proibido pela API Policy v4/2026 e viola o princípio Clean Core, conforme descrito no Documento 3. O Documento 1 indica que a CDS View A_SalesOrder e o serviço OData API_SALES_ORDER_SRV são os substitutos obrigatórios para acesso a dados de ordens de venda.

[2/3] Auditando BAPI_SALESORDER_CREATEFROMDAT2 (linha 14)...

  🔍 RAG query: BAPI_SALESORDER_CREATEFROMDAT2 bapi_call
     → deprecated_apis.md: ### BAPI_CUSTOMER_CREATEFROMDATA1
- Status: DEPRECATED
- Deprecated since: S/4HA...
     → business_accelerator_hub.md: ## Sales Order Management

### BAPI_SALESORDER_CREATEFROMDAT2
- Status: Released...
     → business_accelerator_hub.md: ## Purchase Order Management

### BAPI_PO_CREATE1
- Status: Released for custome...

  ✅ PUBLISHED | BAIXA
     Alternativas: n/a
     Justificativa: O objeto BAPI_SALESORDER_CREATEFROMDAT2 está explicitamente listado no Documento 2 como 'Released for customer use' e 'Compliant with API Policy v4/2026'.

[3/3] Auditando Z_INTERNAL_PRICE_CALC (linha 21)...

  🔍 RAG query: Z_INTERNAL_PRICE_CALC z_function
     → deprecated_apis.md: ## Pricing (Legacy)

### Internal Z-namespace Pricing RFCs
Function modules in t...
     → api_policy_v4_2026.md: ## Section 2: Published vs Internal APIs

A published API is one that meets ALL ...
     → deprecated_apis.md: ## Migration Priority Matrix

| Pattern | Severity | Action |
|---------|-------...

  ✅ INTERNAL | ALTA
     Alternativas: ['API_PRICING_PROCEDURE_SRV']
     Justificativa: O código utiliza um módulo de função no namespace Z* que não está listado no SAP Business Accelerator Hub, o que o caracteriza como API INTERNA conforme a Seção 2 do documento api_policy_v4_2026.md. A documentação deprecated_apis.md explicitamente recomenda a substituição de RFCs de pricing no namespace Z* por APIs publicadas como API_PRICING_PROCEDURE_SRV.

============================================================
📊 RESUMO: 2 violações de 3 análises
============================================================

  [CRITICA] 04_mixed_violations.abap:8 — VBAK
    Classificação: INTERNAL
    Use em vez disso: A_SalesOrder (CDS View), API_SALES_ORDER_SRV (OData)

  [ALTA] 04_mixed_violations.abap:21 — Z_INTERNAL_PRICE_CALC
    Classificação: INTERNAL
    Use em vez disso: API_PRICING_PROCEDURE_SRV
====================================
  demo/05_clean_core_pattern.abap
====================================

📋 0 candidatos a auditar em 05_clean_core_pattern.abap

Loading weights:   0%|          | 0/199 [00:00<?, ?it/s]Loading weights:  69%|██████▉   | 137/199 [00:00<00:00, 1364.60it/s]Loading weights: 100%|██████████| 199/199 [00:00<00:00, 1816.75it/s]

============================================================
📊 RESUMO: 0 violações de 0 análises
============================================================
====================================
  demo/06_ambiguous_zfunction.abap
====================================

📋 1 candidatos a auditar em 06_ambiguous_zfunction.abap

Loading weights:   0%|          | 0/199 [00:00<?, ?it/s]Loading weights:  67%|██████▋   | 133/199 [00:00<00:00, 1322.18it/s]Loading weights: 100%|██████████| 199/199 [00:00<00:00, 1826.70it/s]

[1/1] Auditando Z_CUSTOM_BUSINESS_RULE (linha 6)...

  🔍 RAG query: Z_CUSTOM_BUSINESS_RULE z_function
     → deprecated_apis.md: ## Pricing (Legacy)

### Internal Z-namespace Pricing RFCs
Function modules in t...
     → deprecated_apis.md: ## Migration Priority Matrix

| Pattern | Severity | Action |
|---------|-------...
     → api_policy_v4_2026.md: ## Section 4: Compliance Obligations

Customers are responsible for auditing the...

  ✅ INTERNAL | MEDIA
     Alternativas: ['API_PRICING_PROCEDURE_SRV']
     Justificativa: O objeto é um módulo de função no namespace Z*, que conforme o Documento 1 e 2, é classificado como API INTERNA ou UNKNOWN e não está documentado no Business Accelerator Hub. A severidade é definida como MÉDIA para módulos de função Z* sem documentação, conforme a Matriz de Prioridade de Migração do Documento 2.

============================================================
📊 RESUMO: 1 violações de 1 análises
============================================================

  [MEDIA] 06_ambiguous_zfunction.abap:6 — Z_CUSTOM_BUSINESS_RULE
    Classificação: INTERNAL
    Use em vez disso: API_PRICING_PROCEDURE_SRV
